This is pdfTeX, Version 3.14159265-2.6-1.40.21 (TeX Live 2020/W32TeX) (preloaded format=pdflatex 2020.12.9)  21 JAN 2021 18:38
entering extended mode
 restricted \write18 enabled.
 file:line:error style messages enabled.
 %&-line parsing enabled.
**e:/courses/C/chapter4/chapter4.tex
(e:/courses/C/chapter4/chapter4.tex
LaTeX2e <2020-02-02> patch level 5
L3 programming layer <2020-03-06> (d:/texlive/2020/texmf-dist/tex/latex/base/book.cls
Document Class: book 2019/12/20 v1.4l Standard LaTeX document class
(d:/texlive/2020/texmf-dist/tex/latex/base/bk10.clo
File: bk10.clo 2019/12/20 v1.4l Standard LaTeX file (size option)
)
\c@part=\count167
\c@chapter=\count168
\c@section=\count169
\c@subsection=\count170
\c@subsubsection=\count171
\c@paragraph=\count172
\c@subparagraph=\count173
\c@figure=\count174
\c@table=\count175
\abovecaptionskip=\skip47
\belowcaptionskip=\skip48
\bibindent=\dimen134
) (d:/texlive/2020/texmf-dist/tex/latex/listings/listings.sty (d:/texlive/2020/texmf-dist/tex/latex/graphics/keyval.sty
Package: keyval 2014/10/28 v1.15 key=value parser (DPC)
\KV@toks@=\toks15
)
\lst@mode=\count176
\lst@gtempboxa=\box45
\lst@token=\toks16
\lst@length=\count177
\lst@currlwidth=\dimen135
\lst@column=\count178
\lst@pos=\count179
\lst@lostspace=\dimen136
\lst@width=\dimen137
\lst@newlines=\count180
\lst@lineno=\count181
\lst@maxwidth=\dimen138
 (d:/texlive/2020/texmf-dist/tex/latex/listings/lstmisc.sty
File: lstmisc.sty 2020/03/24 1.8d (Carsten Heinz)
\c@lstnumber=\count182
\lst@skipnumbers=\count183
\lst@framebox=\box46
) (d:/texlive/2020/texmf-dist/tex/latex/listings/listings.cfg
File: listings.cfg 2020/03/24 1.8d listings configuration
))
Package: listings 2020/03/24 1.8d (Carsten Heinz)
 (d:/texlive/2020/texmf-dist/tex/latex/cjk/texinput/CJKutf8.sty
Package: CJKutf8 2015/04/18 4.8.4
 (d:/texlive/2020/texmf-dist/tex/generic/iftex/ifpdf.sty
Package: ifpdf 2019/10/25 v3.4 ifpdf legacy package. Use iftex instead.
 (d:/texlive/2020/texmf-dist/tex/generic/iftex/iftex.sty
Package: iftex 2020/03/06 v1.0d TeX engine tests
)) (d:/texlive/2020/texmf-dist/tex/latex/base/inputenc.sty
Package: inputenc 2018/08/11 v1.3c Input encoding file
\inpenc@prehook=\toks17
\inpenc@posthook=\toks18
) (d:/texlive/2020/texmf-dist/tex/latex/cjk/texinput/CJK.sty
Package: CJK 2015/04/18 4.8.4
 (d:/texlive/2020/texmf-dist/tex/latex/cjk/texinput/mule/MULEenc.sty
Package: MULEenc 2015/04/18 4.8.4
) (d:/texlive/2020/texmf-dist/tex/latex/cjk/texinput/CJK.enc
File: CJK.enc 2015/04/18 4.8.4
Now handling font encoding C00 ...
... no UTF-8 mapping file for font encoding C00
Now handling font encoding C05 ...
... no UTF-8 mapping file for font encoding C05
Now handling font encoding C09 ...
... no UTF-8 mapping file for font encoding C09
Now handling font encoding C10 ...
... no UTF-8 mapping file for font encoding C10
Now handling font encoding C20 ...
... no UTF-8 mapping file for font encoding C20
Now handling font encoding C19 ...
... no UTF-8 mapping file for font encoding C19
Now handling font encoding C40 ...
... no UTF-8 mapping file for font encoding C40
Now handling font encoding C42 ...
... no UTF-8 mapping file for font encoding C42
Now handling font encoding C43 ...
... no UTF-8 mapping file for font encoding C43
Now handling font encoding C50 ...
... no UTF-8 mapping file for font encoding C50
Now handling font encoding C52 ...
... no UTF-8 mapping file for font encoding C52
Now handling font encoding C49 ...
... no UTF-8 mapping file for font encoding C49
Now handling font encoding C60 ...
... no UTF-8 mapping file for font encoding C60
Now handling font encoding C61 ...
... no UTF-8 mapping file for font encoding C61
Now handling font encoding C63 ...
... no UTF-8 mapping file for font encoding C63
Now handling font encoding C64 ...
... no UTF-8 mapping file for font encoding C64
Now handling font encoding C65 ...
... no UTF-8 mapping file for font encoding C65
Now handling font encoding C70 ...
... no UTF-8 mapping file for font encoding C70
Now handling font encoding C31 ...
... no UTF-8 mapping file for font encoding C31
Now handling font encoding C32 ...
... no UTF-8 mapping file for font encoding C32
Now handling font encoding C33 ...
... no UTF-8 mapping file for font encoding C33
Now handling font encoding C34 ...
... no UTF-8 mapping file for font encoding C34
Now handling font encoding C35 ...
... no UTF-8 mapping file for font encoding C35
Now handling font encoding C36 ...
... no UTF-8 mapping file for font encoding C36
Now handling font encoding C37 ...
... no UTF-8 mapping file for font encoding C37
Now handling font encoding C80 ...
... no UTF-8 mapping file for font encoding C80
Now handling font encoding C81 ...
... no UTF-8 mapping file for font encoding C81
Now handling font encoding C01 ...
... no UTF-8 mapping file for font encoding C01
Now handling font encoding C11 ...
... no UTF-8 mapping file for font encoding C11
Now handling font encoding C21 ...
... no UTF-8 mapping file for font encoding C21
Now handling font encoding C41 ...
... no UTF-8 mapping file for font encoding C41
Now handling font encoding C62 ...
... no UTF-8 mapping file for font encoding C62
)
LaTeX Info: Redefining \selectfont on input line 755.
\CJK@indent=\box47
) (d:/texlive/2020/texmf-dist/tex/latex/base/fontenc.sty
Package: fontenc 2020/02/11 v2.0o Standard LaTeX package
)) (d:/texlive/2020/texmf-dist/tex/latex/amsmath/amsmath.sty
Package: amsmath 2020/01/20 v2.17e AMS math features
\@mathmargin=\skip49

For additional information on amsmath, use the `?' option.
(d:/texlive/2020/texmf-dist/tex/latex/amsmath/amstext.sty
Package: amstext 2000/06/29 v2.01 AMS text
 (d:/texlive/2020/texmf-dist/tex/latex/amsmath/amsgen.sty
File: amsgen.sty 1999/11/30 v2.0 generic functions
\@emptytoks=\toks19
\ex@=\dimen139
)) (d:/texlive/2020/texmf-dist/tex/latex/amsmath/amsbsy.sty
Package: amsbsy 1999/11/29 v1.2d Bold Symbols
\pmbraise@=\dimen140
) (d:/texlive/2020/texmf-dist/tex/latex/amsmath/amsopn.sty
Package: amsopn 2016/03/08 v2.02 operator names
)
\inf@bad=\count184
LaTeX Info: Redefining \frac on input line 227.
\uproot@=\count185
\leftroot@=\count186
LaTeX Info: Redefining \overline on input line 389.
\classnum@=\count187
\DOTSCASE@=\count188
LaTeX Info: Redefining \ldots on input line 486.
LaTeX Info: Redefining \dots on input line 489.
LaTeX Info: Redefining \cdots on input line 610.
\Mathstrutbox@=\box48
\strutbox@=\box49
\big@size=\dimen141
LaTeX Font Info:    Redeclaring font encoding OML on input line 733.
LaTeX Font Info:    Redeclaring font encoding OMS on input line 734.
\macc@depth=\count189
\c@MaxMatrixCols=\count190
\dotsspace@=\muskip16
\c@parentequation=\count191
\dspbrk@lvl=\count192
\tag@help=\toks20
\row@=\count193
\column@=\count194
\maxfields@=\count195
\andhelp@=\toks21
\eqnshift@=\dimen142
\alignsep@=\dimen143
\tagshift@=\dimen144
\tagwidth@=\dimen145
\totwidth@=\dimen146
\lineht@=\dimen147
\@envbody=\toks22
\multlinegap=\skip50
\multlinetaggap=\skip51
\mathdisplay@stack=\toks23
LaTeX Info: Redefining \[ on input line 2859.
LaTeX Info: Redefining \] on input line 2860.
) (d:/texlive/2020/texmf-dist/tex/latex/amscls/amsthm.sty
Package: amsthm 2017/10/31 v2.20.4
\thm@style=\toks24
\thm@bodyfont=\toks25
\thm@headfont=\toks26
\thm@notefont=\toks27
\thm@headpunct=\toks28
\thm@preskip=\skip52
\thm@postskip=\skip53
\thm@headsep=\skip54
\dth@everypar=\toks29
) (d:/texlive/2020/texmf-dist/tex/latex/listings/lstlang1.sty
File: lstlang1.sty 2020/03/24 1.8d listings language file
) (d:/texlive/2020/texmf-dist/tex/latex/listings/lstlang1.sty
File: lstlang1.sty 2020/03/24 1.8d listings language file
) (d:/texlive/2020/texmf-dist/tex/latex/listings/lstmisc.sty
File: lstmisc.sty 2020/03/24 1.8d (Carsten Heinz)
) (d:/texlive/2020/texmf-dist/tex/latex/l3backend/l3backend-pdfmode.def
File: l3backend-pdfmode.def 2020-03-12 L3 backend support: PDF mode
\l__kernel_color_stack_int=\count196
\l__pdf_internal_box=\box50
) (e:/courses/C/chapter4/chapter4.aux)
\openout1 = `chapter4.aux'.

LaTeX Font Info:    Checking defaults for OML/cmm/m/it on input line 7.
LaTeX Font Info:    ... okay on input line 7.
LaTeX Font Info:    Checking defaults for OMS/cmsy/m/n on input line 7.
LaTeX Font Info:    ... okay on input line 7.
LaTeX Font Info:    Checking defaults for OT1/cmr/m/n on input line 7.
LaTeX Font Info:    ... okay on input line 7.
LaTeX Font Info:    Checking defaults for T1/cmr/m/n on input line 7.
LaTeX Font Info:    ... okay on input line 7.
LaTeX Font Info:    Checking defaults for TS1/cmr/m/n on input line 7.
LaTeX Font Info:    ... okay on input line 7.
LaTeX Font Info:    Checking defaults for OMX/cmex/m/n on input line 7.
LaTeX Font Info:    ... okay on input line 7.
LaTeX Font Info:    Checking defaults for U/cmr/m/n on input line 7.
LaTeX Font Info:    ... okay on input line 7.
LaTeX Font Info:    Checking defaults for C00/song/m/n on input line 7.
LaTeX Font Info:    ... okay on input line 7.
LaTeX Font Info:    Checking defaults for C05/song/m/n on input line 7.
LaTeX Font Info:    ... okay on input line 7.
LaTeX Font Info:    Checking defaults for C09/song/m/n on input line 7.
LaTeX Font Info:    ... okay on input line 7.
LaTeX Font Info:    Checking defaults for C10/song/m/n on input line 7.
LaTeX Font Info:    ... okay on input line 7.
LaTeX Font Info:    Checking defaults for C20/song/m/n on input line 7.
LaTeX Font Info:    ... okay on input line 7.
LaTeX Font Info:    Checking defaults for C19/song/m/n on input line 7.
LaTeX Font Info:    ... okay on input line 7.
LaTeX Font Info:    Checking defaults for C40/song/m/n on input line 7.
LaTeX Font Info:    ... okay on input line 7.
LaTeX Font Info:    Checking defaults for C42/song/m/n on input line 7.
LaTeX Font Info:    ... okay on input line 7.
LaTeX Font Info:    Checking defaults for C43/song/m/n on input line 7.
LaTeX Font Info:    ... okay on input line 7.
LaTeX Font Info:    Checking defaults for C50/song/m/n on input line 7.
LaTeX Font Info:    ... okay on input line 7.
LaTeX Font Info:    Checking defaults for C52/song/m/n on input line 7.
LaTeX Font Info:    ... okay on input line 7.
LaTeX Font Info:    Checking defaults for C49/song/m/n on input line 7.
LaTeX Font Info:    ... okay on input line 7.
LaTeX Font Info:    Checking defaults for C60/mj/m/n on input line 7.
LaTeX Font Info:    ... okay on input line 7.
LaTeX Font Info:    Checking defaults for C61/mj/m/n on input line 7.
LaTeX Font Info:    ... okay on input line 7.
LaTeX Font Info:    Checking defaults for C63/mj/m/n on input line 7.
LaTeX Font Info:    ... okay on input line 7.
LaTeX Font Info:    Checking defaults for C64/mj/m/n on input line 7.
LaTeX Font Info:    ... okay on input line 7.
LaTeX Font Info:    Checking defaults for C65/mj/m/n on input line 7.
LaTeX Font Info:    ... okay on input line 7.
LaTeX Font Info:    Checking defaults for C70/song/m/n on input line 7.
LaTeX Font Info:    ... okay on input line 7.
LaTeX Font Info:    Checking defaults for C31/song/m/n on input line 7.
LaTeX Font Info:    ... okay on input line 7.
LaTeX Font Info:    Checking defaults for C32/song/m/n on input line 7.
LaTeX Font Info:    ... okay on input line 7.
LaTeX Font Info:    Checking defaults for C33/song/m/n on input line 7.
LaTeX Font Info:    ... okay on input line 7.
LaTeX Font Info:    Checking defaults for C34/song/m/n on input line 7.
LaTeX Font Info:    ... okay on input line 7.
LaTeX Font Info:    Checking defaults for C35/song/m/n on input line 7.
LaTeX Font Info:    ... okay on input line 7.
LaTeX Font Info:    Checking defaults for C36/song/m/n on input line 7.
LaTeX Font Info:    ... okay on input line 7.
LaTeX Font Info:    Checking defaults for C37/song/m/n on input line 7.
LaTeX Font Info:    ... okay on input line 7.
LaTeX Font Info:    Checking defaults for C80/song/m/n on input line 7.
LaTeX Font Info:    ... okay on input line 7.
LaTeX Font Info:    Checking defaults for C81/song/m/n on input line 7.
LaTeX Font Info:    ... okay on input line 7.
LaTeX Font Info:    Checking defaults for C01/song/m/n on input line 7.
LaTeX Font Info:    ... okay on input line 7.
LaTeX Font Info:    Checking defaults for C11/song/m/n on input line 7.
LaTeX Font Info:    ... okay on input line 7.
LaTeX Font Info:    Checking defaults for C21/song/m/n on input line 7.
LaTeX Font Info:    ... okay on input line 7.
LaTeX Font Info:    Checking defaults for C41/song/m/n on input line 7.
LaTeX Font Info:    ... okay on input line 7.
LaTeX Font Info:    Checking defaults for C62/song/m/n on input line 7.
LaTeX Font Info:    ... okay on input line 7.
\c@lstlisting=\count197
 (d:/texlive/2020/texmf-dist/tex/latex/cjk/texinput/UTF8/UTF8.bdg
File: UTF8.bdg 2015/04/18 4.8.4
) (d:/texlive/2020/texmf-dist/tex/latex/cjk/texinput/UTF8/UTF8.enc
File: UTF8.enc 2015/04/18 4.8.4
) (d:/texlive/2020/texmf-dist/tex/latex/cjk/texinput/UTF8/UTF8.chr
File: UTF8.chr 2015/04/18 4.8.4
)
\c@Exercise=\count198
 (e:/courses/C/chapter4/function.tex
LaTeX Font Info:    Trying to load font information for C70+gbsn on input line 2.
 (d:/texlive/2020/texmf-dist/tex/latex/cjk/texinput/UTF8/c70gbsn.fd
File: c70gbsn.fd 2015/04/18 4.8.4
) (d:/texlive/2020/texmf-dist/tex/latex/cjk/texinput/UTF8/c70gbsn.fdx
File: c70gbsn.fdx 2015/04/18 4.8.4
) (e:/courses/C/chapter4/code/AbsoluteValue/absolute-value.c
LaTeX Font Info:    Trying to load font information for OML+cmr on input line 1.
 (d:/texlive/2020/texmf-dist/tex/latex/base/omlcmr.fd
File: omlcmr.fd 2019/12/16 v2.5j Standard LaTeX font definitions
)
LaTeX Font Info:    Font shape `OML/cmr/m/n' in size <10> not available
(Font)              Font shape `OML/cmm/m/it' tried instead on input line 1.
LaTeX Font Info:    Trying to load font information for OMS+cmr on input line 4.
 (d:/texlive/2020/texmf-dist/tex/latex/base/omscmr.fd
File: omscmr.fd 2019/12/16 v2.5j Standard LaTeX font definitions
)
LaTeX Font Info:    Font shape `OMS/cmr/m/n' in size <10> not available
(Font)              Font shape `OMS/cmsy/m/n' tried instead on input line 4.
))
Overfull \hbox (15.0pt too wide) in paragraph at lines 8--12
[][]
 []


Underfull \hbox (badness 10000) in paragraph at lines 8--12

 []


e:/courses/C/chapter4/chapter4.tex:12: PACKAGE INPUTENC ERROR: UNICODE CHARACTER ≈áΩ (U+51FD)
(INPUTENC)                NOT SET UP FOR USE WITH LATEX.

SEE THE INPUTENC PACKAGE DOCUMENTATION FOR EXPLANATION.
Type  H <return>  for immediate help.
 ...                                              
                                                  
l.12 \end{document}
                   
YOU MAY PROVIDE A DEFINITION WITH
\GenericError {               }{LaTeX Error: Can be used only in preamble}{See the LaTeX manual or LaTeX Companion for explanation.}{Your command was ignored.
Type  I <command> <return>  to replace it with another command,
or  <return>  to continue without it.}


e:/courses/C/chapter4/chapter4.tex:12: PACKAGE INPUTENC ERROR: UNICODE CHARACTER ∆ïê (U+6570)
(INPUTENC)                NOT SET UP FOR USE WITH LATEX.

SEE THE INPUTENC PACKAGE DOCUMENTATION FOR EXPLANATION.
Type  H <return>  for immediate help.
 ...                                              
                                                  
l.12 \end{document}
                   
YOU MAY PROVIDE A DEFINITION WITH
\GenericError {               }{LaTeX Error: Can be used only in preamble}{See the LaTeX manual or LaTeX Companion for explanation.}{Your command was ignored.
Type  I <command> <return>  to replace it with another command,
or  <return>  to continue without it.}


e:/courses/C/chapter4/chapter4.tex:12: PACKAGE INPUTENC ERROR: UNICODE CHARACTER «öÑ (U+7684)
(INPUTENC)                NOT SET UP FOR USE WITH LATEX.

SEE THE INPUTENC PACKAGE DOCUMENTATION FOR EXPLANATION.
Type  H <return>  for immediate help.
 ...                                              
                                                  
l.12 \end{document}
                   
YOU MAY PROVIDE A DEFINITION WITH
\GenericError {               }{LaTeX Error: Can be used only in preamble}{See the LaTeX manual or LaTeX Companion for explanation.}{Your command was ignored.
Type  I <command> <return>  to replace it with another command,
or  <return>  to continue without it.}


e:/courses/C/chapter4/chapter4.tex:12: PACKAGE INPUTENC ERROR: UNICODE CHARACTER ≈üö (U+57FA)
(INPUTENC)                NOT SET UP FOR USE WITH LATEX.

SEE THE INPUTENC PACKAGE DOCUMENTATION FOR EXPLANATION.
Type  H <return>  for immediate help.
 ...                                              
                                                  
l.12 \end{document}
                   
YOU MAY PROVIDE A DEFINITION WITH
\GenericError {               }{LaTeX Error: Can be used only in preamble}{See the LaTeX manual or LaTeX Companion for explanation.}{Your command was ignored.
Type  I <command> <return>  to replace it with another command,
or  <return>  to continue without it.}


e:/courses/C/chapter4/chapter4.tex:12: PACKAGE INPUTENC ERROR: UNICODE CHARACTER ∆úå (U+672C)
(INPUTENC)                NOT SET UP FOR USE WITH LATEX.

SEE THE INPUTENC PACKAGE DOCUMENTATION FOR EXPLANATION.
Type  H <return>  for immediate help.
 ...                                              
                                                  
l.12 \end{document}
                   
YOU MAY PROVIDE A DEFINITION WITH
\GenericError {               }{LaTeX Error: Can be used only in preamble}{See the LaTeX manual or LaTeX Companion for explanation.}{Your command was ignored.
Type  I <command> <return>  to replace it with another command,
or  <return>  to continue without it.}


e:/courses/C/chapter4/chapter4.tex:12: PACKAGE INPUTENC ERROR: UNICODE CHARACTER ∆ÜÇ (U+6982)
(INPUTENC)                NOT SET UP FOR USE WITH LATEX.

SEE THE INPUTENC PACKAGE DOCUMENTATION FOR EXPLANATION.
Type  H <return>  for immediate help.
 ...                                              
                                                  
l.12 \end{document}
                   
YOU MAY PROVIDE A DEFINITION WITH
\GenericError {               }{LaTeX Error: Can be used only in preamble}{See the LaTeX manual or LaTeX Companion for explanation.}{Your command was ignored.
Type  I <command> <return>  to replace it with another command,
or  <return>  to continue without it.}


e:/courses/C/chapter4/chapter4.tex:12: PACKAGE INPUTENC ERROR: UNICODE CHARACTER ≈øï (U+5FF5)
(INPUTENC)                NOT SET UP FOR USE WITH LATEX.

SEE THE INPUTENC PACKAGE DOCUMENTATION FOR EXPLANATION.
Type  H <return>  for immediate help.
 ...                                              
                                                  
l.12 \end{document}
                   
YOU MAY PROVIDE A DEFINITION WITH
\GenericError {               }{LaTeX Error: Can be used only in preamble}{See the LaTeX manual or LaTeX Companion for explanation.}{Your command was ignored.
Type  I <command> <return>  to replace it with another command,
or  <return>  to continue without it.}

[1{d:/texlive/2020/texmf-var/fonts/map/pdftex/updmap/pdftex.map}

] (e:/courses/C/chapter4/chapter4.aux) ) 
Here is how much of TeX's memory you used:
 4404 strings out of 480608
 55209 string characters out of 5907536
 497096 words of memory out of 5000000
 20200 multiletter control sequences out of 15000+600000
 540095 words of font info for 51 fonts, out of 8000000 for 9000
 1141 hyphenation exceptions out of 8191
 36i,9n,60p,245b,2008s stack positions out of 5000i,500n,10000p,200000b,80000s
{d:/texlive/2020/texmf-dist/fonts/enc/dvips/cm-super/cm-super-ts1.enc}<d:/texlive/2020/texmf-dist/fonts/type1/public/amsfonts/cm/cmbx10.pfb><d:/texlive/2020/texmf-dist/fonts/type1/public/amsfonts/cm/cmbx12.pfb><d:/texlive/2020/texmf-dist/fonts/type1/public/amsfonts/cm/cmmi10.pfb><d:/texlive/2020/texmf-dist/fonts/type1/public/amsfonts/cm/cmr10.pfb><d:/texlive/2020/texmf-dist/fonts/type1/public/amsfonts/cm/cmsl10.pfb><d:/texlive/2020/texmf-dist/fonts/type1/public/amsfonts/cm/cmsy10.pfb><d:/texlive/2020/texmf-dist/fonts/type1/arphic/gbsnu/gbsnu4e.pfb><d:/texlive/2020/texmf-dist/fonts/type1/arphic/gbsnu/gbsnu50.pfb><d:/texlive/2020/texmf-dist/fonts/type1/arphic/gbsnu/gbsnu51.pfb><d:/texlive/2020/texmf-dist/fonts/type1/arphic/gbsnu/gbsnu57.pfb><d:/texlive/2020/texmf-dist/fonts/type1/arphic/gbsnu/gbsnu5b.pfb><d:/texlive/2020/texmf-dist/fonts/type1/arphic/gbsnu/gbsnu5e.pfb><d:/texlive/2020/texmf-dist/fonts/type1/arphic/gbsnu/gbsnu5f.pfb><d:/texlive/2020/texmf-dist/fonts/type1/arphic/gbsnu/gbsnu65.pfb><d:/texlive/2020/texmf-dist/fonts/type1/arphic/gbsnu/gbsnu67.pfb><d:/texlive/2020/texmf-dist/fonts/type1/arphic/gbsnu/gbsnu69.pfb><d:/texlive/2020/texmf-dist/fonts/type1/arphic/gbsnu/gbsnu75.pfb><d:/texlive/2020/texmf-dist/fonts/type1/arphic/gbsnu/gbsnu76.pfb><d:/texlive/2020/texmf-dist/fonts/type1/arphic/gbsnu/gbsnu7a.pfb><d:/texlive/2020/texmf-dist/fonts/type1/arphic/gbsnu/gbsnu7e.pfb><d:/texlive/2020/texmf-dist/fonts/type1/arphic/gbsnu/gbsnu8f.pfb><d:/texlive/2020/texmf-dist/fonts/type1/arphic/gbsnu/gbsnu95.pfb><d:/texlive/2020/texmf-dist/fonts/type1/arphic/gbsnu/gbsnuff.pfb><d:/texlive/2020/texmf-dist/fonts/type1/public/cm-super/sfrm1000.pfb>
Output written on e:/courses/C/chapter4/chapter4.pdf (1 page, 116045 bytes).
PDF statistics:
 122 PDF objects out of 1000 (max. 8388607)
 77 compressed objects within 1 object stream
 0 named destinations out of 1000 (max. 500000)
 69 words of extra memory for PDF output out of 10000 (max. 10000000)

